<?xml version="1.0" encoding="UTF-8"?>
<testsuite name="BracketCheckerTest" tests="1" skipped="0" failures="0" errors="0" timestamp="2020-05-07T16:22:06" hostname="Rettynuh.local" time="0.003">
  <properties/>
  <testcase name="testPairedSquareBrackets" classname="BracketCheckerTest" time="0.003"/>
  <system-out><![CDATA[]]></system-out>
  <system-err><![CDATA[]]></system-err>
</testsuite>
